{"C:\\projects\\jsmp-infra-maksym-yakubov-camelize\\src\\camelize.ts": {"path":"C:\\projects\\jsmp-infra-maksym-yakubov-camelize\\src\\camelize.ts","statementMap":{"0":{"start":{"line":1,"column":0},"end":{"line":1,"column":41}},"1":{"start":{"line":4,"column":2},"end":{"line":4,"column":24}},"2":{"start":{"line":3,"column":0},"end":{"line":3,"column":16}}},"fnMap":{"0":{"name":"camelize","decl":{"start":{"line":3,"column":16},"end":{"line":3,"column":24}},"loc":{"start":{"line":3,"column":36},"end":{"line":5,"column":1}}}},"branchMap":{},"s":{"0":1,"1":4,"2":1},"f":{"0":4},"b":{}}
,"C:\\projects\\jsmp-infra-maksym-yakubov-camelize\\src\\index.ts": {"path":"C:\\projects\\jsmp-infra-maksym-yakubov-camelize\\src\\index.ts","statementMap":{"0":{"start":{"line":1,"column":0},"end":{"line":1,"column":9}},"1":{"start":{"line":3,"column":9},"end":{"line":1,"column":38}}},"fnMap":{"0":{"name":"(anonymous_0)","decl":{"start":{"line":3,"column":9},"end":{"line":3,"column":17}},"loc":{"start":{"line":3,"column":9},"end":{"line":1,"column":38}}}},"branchMap":{},"s":{"0":1,"1":5},"f":{"0":4},"b":{}}
}
